0 info it worked if it ends with ok
1 verbose cli [ 'node', '/usr/local/bin/npm', 'install', 'impress' ]
2 info using npm@1.1.62
3 info using node@v0.8.11
4 verbose read json /Users/yangxuzhang/monstercat/memory/package.json
5 warn package.json application-name@0.0.1 No README.md file found!
6 verbose read json /Users/yangxuzhang/monstercat/memory/node_modules/express/package.json
7 verbose read json /Users/yangxuzhang/monstercat/memory/node_modules/jade/package.json
8 verbose read json /Users/yangxuzhang/monstercat/memory/node_modules/less-middleware/package.json
9 verbose from cache /Users/yangxuzhang/monstercat/memory/package.json
10 verbose readDependencies using package.json deps
11 verbose cache add [ 'impress', null ]
12 silly cache add name=undefined spec="impress" args=["impress",null]
13 verbose parsed url { pathname: 'impress', path: 'impress', href: 'impress' }
14 silly lockFile ad68fcd9-impress impress
15 verbose lock impress /Users/yangxuzhang/.npm/ad68fcd9-impress.lock
16 silly lockFile ad68fcd9-impress impress
17 verbose addNamed [ 'impress', '' ]
18 verbose addNamed [ null, '' ]
19 silly lockFile c39b2dab-impress impress@
20 verbose lock impress@ /Users/yangxuzhang/.npm/c39b2dab-impress.lock
21 silly addNameRange { name: 'impress', range: '', hasData: false }
22 verbose url raw impress
23 verbose url resolving [ 'https://registry.npmjs.org/', './impress' ]
24 verbose url resolved https://registry.npmjs.org/impress
25 info trying registry request attempt 1 at 15:23:08
26 http GET https://registry.npmjs.org/impress
27 http 404 https://registry.npmjs.org/impress
28 silly registry.get cb [ 404,
28 silly registry.get   { server: 'CouchDB/1.2.1 (Erlang OTP/R15B03)',
28 silly registry.get     date: 'Mon, 04 Mar 2013 20:23:08 GMT',
28 silly registry.get     'content-type': 'application/json',
28 silly registry.get     'content-length': '52',
28 silly registry.get     'cache-control': 'must-revalidate' } ]
29 silly lockFile c39b2dab-impress impress@
30 error 404 'impress' is not in the npm registry.
30 error 404 You should bug the author to publish it
30 error 404
30 error 404 Note that you can also install from a
30 error 404 tarball, folder, or http url, or git url.
31 error System Darwin 12.2.0
32 error command "node" "/usr/local/bin/npm" "install" "impress"
33 error cwd /Users/yangxuzhang/monstercat/memory
34 error node -v v0.8.11
35 error npm -v 1.1.62
36 error code E404
37 verbose exit [ 1, true ]
